2026-03-30T14:12:06.362+05:30  INFO 9740 --- [main] c.e.a.repository.service.APIServiceTest  : Starting APIServiceTest using Java 17.0.15 with PID 9740 (started by manoj in C:\workspace\Interview\app-event-server\app-api-server)
2026-03-30T14:12:06.370+05:30  INFO 9740 --- [main] c.e.a.repository.service.APIServiceTest  : No active profile set, falling back to 1 default profile: "default"
2026-03-30T14:12:08.784+05:30  INFO 9740 --- [main] o.a.r.s.a.RocketMQAutoConfiguration      : a producer (event-consumer-group) init on namesrv localhost:9876
2026-03-30T14:12:09.340+05:30  INFO 9740 --- [main] ocketMQMessageListenerContainerRegistrar : Register the listener to container, listenerBeanName:APIEventMessageProcessor, containerBeanName:org.apache.rocketmq.spring.support.DefaultRocketMQListenerContainer_1
2026-03-30T14:12:09.539+05:30  INFO 9740 --- [main] o.s.b.w.a.WelcomePageHandlerMapping      : Adding welcome page: class path resource [static/index.html]
2026-03-30T14:12:10.228+05:30  INFO 9740 --- [main] efaultSchemaResourceGraphQlSourceBuilder : Loaded 1 resource(s) in the GraphQL schema.
2026-03-30T14:12:10.374+05:30  INFO 9740 --- [main] o.s.b.g.a.GraphQlAutoConfiguration       : GraphQL schema inspection:
	Unmapped fields: {}
	Unmapped registrations: {}
	Unmapped arguments: {}
	Field nullness errors: {}
	Argument nullness errors: {}
	Skipped types: []
2026-03-30T14:12:10.389+05:30  INFO 9740 --- [main] s.b.g.a.s.GraphQlWebMvcAutoConfiguration : GraphQL endpoint HTTP POST /graphql
2026-03-30T14:12:11.081+05:30  INFO 9740 --- [main] o.s.b.a.e.web.EndpointLinksResolver      : Exposing 15 endpoints beneath base path '/actuator'
2026-03-30T14:12:11.521+05:30  INFO 9740 --- [main] a.r.s.s.DefaultRocketMQListenerContainer : running container: DefaultRocketMQListenerContainer{consumerGroup='event-consumer-group', namespace='', namespaceV2='', nameServer='localhost:9876', topic='event-topic', consumeMode=CONCURRENTLY, selectorType=TAG, selectorExpression='*', messageModel=CLUSTERING', tlsEnable=false, instanceName=DEFAULT}
2026-03-30T14:12:11.528+05:30  INFO 9740 --- [main] c.e.a.repository.service.APIServiceTest  : Started APIServiceTest in 5.389 seconds (process running for 6.664)
2026-03-30T14:12:11.552+05:30  WARN 9740 --- [main] o.s.core.events.SpringDocAppInitializer  : SpringDoc /v3/api-docs endpoint is enabled by default. To disable it in production, set the property 'springdoc.api-docs.enabled=false'
2026-03-30T14:12:11.552+05:30  WARN 9740 --- [main] o.s.core.events.SpringDocAppInitializer  : SpringDoc /swagger-ui.html endpoint is enabled by default. To disable it in production, set the property 'springdoc.swagger-ui.enabled=false'
2026-03-30T14:12:11.571+05:30  INFO 9740 --- [main] com.zaxxer.hikari.HikariDataSource       : HikariPool-1 - Starting...
2026-03-30T14:12:11.574+05:30  WARN 9740 --- [main] c.zaxxer.hikari.util.DriverDataSource    : Registered driver with driverClassName=org.apache.derby.jdbc.ClientDriver was not found, trying direct instantiation.
2026-03-30T14:12:11.610+05:30  INFO 9740 --- [main] com.zaxxer.hikari.pool.PoolBase          : HikariPool-1 - Driver does not support get/set network timeout for connections. (Feature not implemented: getNetworkTimeout.)
2026-03-30T14:12:11.619+05:30  INFO 9740 --- [main] com.zaxxer.hikari.pool.HikariPool        : HikariPool-1 - Added connection org.apache.derby.client.net.NetConnection@69542112
2026-03-30T14:12:11.624+05:30  INFO 9740 --- [main] com.zaxxer.hikari.HikariDataSource       : HikariPool-1 - Start completed.
2026-03-30T14:12:12.166+05:30  INFO 9740 --- [SpringApplicationShutdownHook] a.r.s.s.DefaultRocketMQListenerContainer : container destroyed, DefaultRocketMQListenerContainer{consumerGroup='event-consumer-group', namespace='', namespaceV2='', nameServer='localhost:9876', topic='event-topic', consumeMode=CONCURRENTLY, selectorType=TAG, selectorExpression='*', messageModel=CLUSTERING', tlsEnable=false, instanceName=DEFAULT}
2026-03-30T14:12:15.176+05:30  INFO 9740 --- [SpringApplicationShutdownHook] com.zaxxer.hikari.HikariDataSource       : HikariPool-1 - Shutdown initiated...
2026-03-30T14:12:15.179+05:30  INFO 9740 --- [SpringApplicationShutdownHook] com.zaxxer.hikari.HikariDataSource       : HikariPool-1 - Shutdown completed.
